[2026-03-13 16:41:57] [INFO] ===========================================================================
[2026-03-13 16:41:57] [INFO] Coworker Task Runner - PowerShell Version
[2026-03-13 16:41:57] [INFO] Started at: 03/13/2026 16:41:57
[2026-03-13 16:41:57] [INFO] Script Log: D:\workspace\Browser4\Browser4-4.6\coworker\tasks\300logs\2026\03\13\164157-coworker.log
[2026-03-13 16:41:57] [INFO] ==========================================================================
[2026-03-13 16:41:57] [INFO] [PREPARE] Task: 1.md
[2026-03-13 16:41:57] [INFO] [PREPARE] Task: 2.md
[2026-03-13 16:41:57] [INFO] [PREPARE] Task: 3.md
[2026-03-13 16:41:58] [INFO] [PREPARE] Task: 4.md
[2026-03-13 16:41:58] [INFO] [PREPARE] Task: 5.md
[2026-03-13 16:41:58] [INFO] [PREPARE] Task: README.md
[2026-03-13 16:41:58] [INFO] [PREPARE] Task: README.zh.md
[2026-03-13 16:41:58] [INFO] Task moved to pushed: D:\workspace\Browser4\Browser4-4.6\coworker\tasks\6git-pushed\2026\0313\fix-anchor-target-attribute.md
[2026-03-13 16:41:58] [INFO] Executing commit script for approved tasks...
[2026-03-13 16:43:37] [INFO] Git sync executed successfully.
[2026-03-13 16:43:37] [INFO] [PUSHED] Task: clear-coworker-logs.md (updated 03/12/2026 13:37:19)
[2026-03-13 16:43:37] [INFO] [PUSHED] Task: fix-anchor-target-attribute.md (updated 03/14/2026 00:27:43)
[2026-03-13 16:43:37] [INFO] [PUSHED] Task: fix-browser4launcher-classpath.md (updated 03/13/2026 14:38:16)
[2026-03-13 16:43:37] [INFO] [PUSHED] Task: fix-snapshot-service-e2e-tests.md (updated 03/13/2026 15:42:49)
[2026-03-13 16:43:37] [INFO] ===========================================================================
[2026-03-13 16:43:37] [INFO] All tasks completed
[2026-03-13 16:43:37] [INFO] Ended at: 03/13/2026 16:43:37
[2026-03-13 16:43:37] [INFO] Script Log: D:\workspace\Browser4\Browser4-4.6\coworker\tasks\300logs\2026\03\13\164157-coworker.log
[2026-03-13 16:43:37] [INFO] ==========================================================================
