[2026-03-14 12:49:41] [INFO] ===========================================================================
[2026-03-14 12:49:41] [INFO] Coworker Task Runner - PowerShell Version
[2026-03-14 12:49:41] [INFO] Started at: 03/14/2026 12:49:41
[2026-03-14 12:49:41] [INFO] Script Log: D:\workspace\Browser4\Browser4-4.6\coworker\tasks\300logs\2026\03\14\124941-coworker.log
[2026-03-14 12:49:41] [INFO] ==========================================================================
[2026-03-14 12:49:41] [INFO] [PREPARE] Task: 1.md
[2026-03-14 12:49:41] [INFO] [PREPARE] Task: 2.md
[2026-03-14 12:49:41] [INFO] [PREPARE] Task: 3.md
[2026-03-14 12:49:41] [INFO] [PREPARE] Task: 4.md
[2026-03-14 12:49:41] [INFO] [PREPARE] Task: 5.md
[2026-03-14 12:49:41] [INFO] [PREPARE] Task: README.md
[2026-03-14 12:49:41] [INFO] [PREPARE] Task: README.zh.md
[2026-03-14 12:49:41] [INFO] Task moved to pushed: D:\workspace\Browser4\Browser4-4.6\coworker\tasks\6git-pushed\2026\0314\improve-aria-snapshot-renderer.md
[2026-03-14 12:49:41] [INFO] Executing commit script for approved tasks...
[2026-03-14 12:51:38] [INFO] Git sync executed successfully.
[2026-03-14 12:51:38] [INFO] [PUSHED] Task: fix-anchor-target-attribute.md (updated 03/14/2026 00:27:43)
[2026-03-14 12:51:38] [INFO] [PUSHED] Task: fix-browser4launcher-classpath.md (updated 03/13/2026 14:38:16)
[2026-03-14 12:51:38] [INFO] [PUSHED] Task: fix-snapshot-service-e2e-tests.md (updated 03/13/2026 15:42:49)
[2026-03-14 12:51:38] [INFO] [PUSHED] Task: aria-snapshot-renderer-e2e-tests.md (updated 03/14/2026 18:59:36)
[2026-03-14 12:51:38] [INFO] [PUSHED] Task: comment-domstatebuilder-node-types.md (updated 03/14/2026 16:03:10)
[2026-03-14 12:51:38] [INFO] [PUSHED] Task: fix-snapshot-scrollable-test-bugs.md (updated 03/14/2026 19:39:56)
[2026-03-14 12:51:38] [INFO] [PUSHED] Task: implement-aria-snapshot-renderer.md (updated 03/14/2026 14:23:08)
[2026-03-14 12:51:38] [INFO] [PUSHED] Task: improve-aria-snapshot-renderer-output.md (updated 03/14/2026 15:53:16)
[2026-03-14 12:51:38] [INFO] [PUSHED] Task: improve-aria-snapshot-renderer.md (updated 03/14/2026 20:40:15)
[2026-03-14 12:51:38] [INFO] [PUSHED] Task: review-aria-snapshot-calculation.md (updated 03/14/2026 01:01:04)
[2026-03-14 12:51:38] [INFO] [PUSHED] Task: review-microdom-nanotree-consistency.md (updated 03/14/2026 13:47:11)
[2026-03-14 12:51:38] [INFO] [PUSHED] Task: review-to-nano-range-tests.md (updated 03/14/2026 13:17:23)
[2026-03-14 12:51:38] [INFO] [PUSHED] Task: update-test-scripts.md (updated 03/14/2026 16:14:19)
[2026-03-14 12:51:38] [INFO] ===========================================================================
[2026-03-14 12:51:38] [INFO] All tasks completed
[2026-03-14 12:51:38] [INFO] Ended at: 03/14/2026 12:51:38
[2026-03-14 12:51:38] [INFO] Script Log: D:\workspace\Browser4\Browser4-4.6\coworker\tasks\300logs\2026\03\14\124941-coworker.log
[2026-03-14 12:51:38] [INFO] ==========================================================================
