[2026-04-24 00:55:11] [INFO] ===========================================================================
[2026-04-24 00:55:11] [INFO] Coworker Task Runner - PowerShell Version
[2026-04-24 00:55:11] [INFO] Started at: 04/24/2026 00:55:11
[2026-04-24 00:55:11] [INFO] Script Log: D:\workspace\Browser4\Browser4-base\coworker\tasks\300logs\2026\04\24\005511-coworker.log
[2026-04-24 00:55:11] [INFO] ==========================================================================
[2026-04-24 00:55:11] [INFO] [PREPARE] Task: 1.md
[2026-04-24 00:55:11] [INFO] [PREPARE] Task: 2.md
[2026-04-24 00:55:11] [INFO] [PREPARE] Task: 3.md
[2026-04-24 00:55:11] [INFO] [PREPARE] Task: 4.md
[2026-04-24 00:55:11] [INFO] [PREPARE] Task: 5.md
[2026-04-24 00:55:11] [INFO] [PREPARE] Task: README.md
[2026-04-24 00:55:11] [INFO] [PREPARE] Task: README.zh.md
[2026-04-24 00:55:11] [INFO] Task moved to pushed: D:\workspace\Browser4\Browser4-base\coworker\tasks\6git-pushed\2026\0424\remove-page-model-interface.md
[2026-04-24 00:55:11] [INFO] Executing commit script for approved tasks...
[2026-04-24 00:56:35] [INFO] Git sync executed successfully.
[2026-04-24 00:56:36] [INFO] [PUSHED] Task: create-browser4-cli-bash-script.md (updated 04/23/2026 23:28:22)
[2026-04-24 00:56:36] [INFO] [PUSHED] Task: fix-batch-form-submission-bug.md (updated 04/23/2026 23:28:22)
[2026-04-24 00:56:36] [INFO] [PUSHED] Task: fix-e2e-test-cleanup-bugs.md (updated 04/23/2026 23:28:22)
[2026-04-24 00:56:36] [INFO] [PUSHED] Task: decouple-plainwebpage-from-gwebpage.md (updated 04/24/2026 01:32:34)
[2026-04-24 00:56:36] [INFO] [PUSHED] Task: remove-page-model-interface.md (updated 04/24/2026 01:48:53)
[2026-04-24 00:56:36] [INFO] ===========================================================================
[2026-04-24 00:56:36] [INFO] All tasks completed
[2026-04-24 00:56:36] [INFO] Ended at: 04/24/2026 00:56:36
[2026-04-24 00:56:36] [INFO] Script Log: D:\workspace\Browser4\Browser4-base\coworker\tasks\300logs\2026\04\24\005511-coworker.log
[2026-04-24 00:56:36] [INFO] ==========================================================================
