[2026-04-24 01:23:32] [INFO] ===========================================================================
[2026-04-24 01:23:32] [INFO] Coworker Task Runner - PowerShell Version
[2026-04-24 01:23:32] [INFO] Started at: 04/24/2026 01:23:32
[2026-04-24 01:23:32] [INFO] Script Log: D:\workspace\Browser4\Browser4-base\coworker\tasks\300logs\2026\04\24\012332-coworker.log
[2026-04-24 01:23:32] [INFO] ==========================================================================
[2026-04-24 01:23:33] [INFO] [PREPARE] Task: 1.md
[2026-04-24 01:23:33] [INFO] [PREPARE] Task: 2.md
[2026-04-24 01:23:33] [INFO] [PREPARE] Task: 3.md
[2026-04-24 01:23:33] [INFO] [PREPARE] Task: 4.md
[2026-04-24 01:23:33] [INFO] [PREPARE] Task: 5.md
[2026-04-24 01:23:33] [INFO] [PREPARE] Task: README.md
[2026-04-24 01:23:33] [INFO] [PREPARE] Task: README.zh.md
[2026-04-24 01:23:33] [INFO] Task moved to pushed: D:\workspace\Browser4\Browser4-base\coworker\tasks\6git-pushed\2026\0424\remove-pagemodel-from-codebase.md
[2026-04-24 01:23:33] [INFO] Executing commit script for approved tasks...
[2026-04-24 01:24:40] [INFO] Git sync executed successfully.
[2026-04-24 01:24:41] [INFO] [PUSHED] Task: create-browser4-cli-bash-script.md (updated 04/23/2026 23:28:22)
[2026-04-24 01:24:41] [INFO] [PUSHED] Task: fix-batch-form-submission-bug.md (updated 04/23/2026 23:28:22)
[2026-04-24 01:24:41] [INFO] [PUSHED] Task: fix-e2e-test-cleanup-bugs.md (updated 04/23/2026 23:28:22)
[2026-04-24 01:24:41] [INFO] [PUSHED] Task: decouple-plainwebpage-from-gwebpage.md (updated 04/24/2026 01:32:34)
[2026-04-24 01:24:41] [INFO] [PUSHED] Task: remove-page-model-interface.md (updated 04/24/2026 01:48:53)
[2026-04-24 01:24:41] [INFO] [PUSHED] Task: remove-pagemodel-from-codebase.md (updated 04/24/2026 08:58:37)
[2026-04-24 01:24:41] [INFO] ===========================================================================
[2026-04-24 01:24:41] [INFO] All tasks completed
[2026-04-24 01:24:41] [INFO] Ended at: 04/24/2026 01:24:41
[2026-04-24 01:24:41] [INFO] Script Log: D:\workspace\Browser4\Browser4-base\coworker\tasks\300logs\2026\04\24\012332-coworker.log
[2026-04-24 01:24:41] [INFO] ==========================================================================
